[2021-03-21 08:40:03] local.ERROR: Target class [HomeController] does not exist. {"exception":"[object] (Illuminate\\Contracts\\Container\\BindingResolutionException(code: 0): Target class [HomeController] does not exist. at D:\\Aplikasi\\XAMPP\\htdocs\\Teknologi Web\\Tugas4\\vendor\\laravel\\framework\\src\\Illuminate\\Container\\Container.php:835)
[stacktrace]
#0 D:\\Aplikasi\\XAMPP\\htdocs\\Teknologi Web\\Tugas4\\vendor\\laravel\\framework\\src\\Illuminate\\Container\\Container.php(714): Illuminate\\Container\\Container->build('HomeController')
#1 D:\\Aplikasi\\XAMPP\\htdocs\\Teknologi Web\\Tugas4\\vendor\\laravel\\framework\\src\\Illuminate\\Foundation\\Application.php(841): Illuminate\\Container\\Container->resolve('HomeController', Array, true)
#2 D:\\Aplikasi\\XAMPP\\htdocs\\Teknologi Web\\Tugas4\\vendor\\laravel\\framework\\src\\Illuminate\\Container\\Container.php(652): Illuminate\\Foundation\\Application->resolve('HomeController', Array)
#3 D:\\Aplikasi\\XAMPP\\htdocs\\Teknologi Web\\Tugas4\\vendor\\laravel\\framework\\src\\Illuminate\\Foundation\\Application.php(826): Illuminate\\Container\\Container->make('HomeController', Array)
#4 D:\\Aplikasi\\XAMPP\\htdocs\\Teknologi Web\\Tugas4\\vendor\\laravel\\framework\\src\\Illuminate\\Routing\\Route.php(268): Illuminate\\Foundation\\Application->make('HomeController')
#5 D:\\Aplikasi\\XAMPP\\htdocs\\Teknologi Web\\Tugas4\\vendor\\laravel\\framework\\src\\Illuminate\\Routing\\Route.php(1019): Illuminate\\Routing\\Route->getController()
#6 D:\\Aplikasi\\XAMPP\\htdocs\\Teknologi Web\\Tugas4\\vendor\\laravel\\framework\\src\\Illuminate\\Routing\\Route.php(980): Illuminate\\Routing\\Route->controllerMiddleware()
#7 D:\\Aplikasi\\XAMPP\\htdocs\\Teknologi Web\\Tugas4\\vendor\\laravel\\framework\\src\\Illuminate\\Routing\\Router.php(710): Illuminate\\Routing\\Route->gatherMiddleware()
#8 D:\\Aplikasi\\XAMPP\\htdocs\\Teknologi Web\\Tugas4\\vendor\\laravel\\framework\\src\\Illuminate\\Routing\\Router.php(686): Illuminate\\Routing\\Router->gatherRouteMiddleware(Object(Illuminate\\Routing\\Route))
#9 D:\\Aplikasi\\XAMPP\\htdocs\\Teknologi Web\\Tugas4\\vendor\\laravel\\framework\\src\\Illuminate\\Routing\\Router.php(670): Illuminate\\Routing\\Router->runRouteWithinStack(Object(Illuminate\\Routing\\Route), Object(Illuminate\\Http\\Request))
#10 D:\\Aplikasi\\XAMPP\\htdocs\\Teknologi Web\\Tugas4\\vendor\\laravel\\framework\\src\\Illuminate\\Routing\\Router.php(636): Illuminate\\Routing\\Router->runRoute(Object(Illuminate\\Http\\Request), Object(Illuminate\\Routing\\Route))
#11 D:\\Aplikasi\\XAMPP\\htdocs\\Teknologi Web\\Tugas4\\vendor\\laravel\\framework\\src\\Illuminate\\Routing\\Router.php(625): Illuminate\\Routing\\Router->dispatchToRoute(Object(Illuminate\\Http\\Request))
#12 D:\\Aplikasi\\XAMPP\\htdocs\\Teknologi Web\\Tugas4\\vendor\\laravel\\framework\\src\\Illuminate\\Foundation\\Http\\Kernel.php(166): Illuminate\\Routing\\Router->dispatch(Object(Illuminate\\Http\\Request))
#13 D:\\Aplikasi\\XAMPP\\htdocs\\Teknologi Web\\Tugas4\\vendor\\laravel\\framework\\src\\Illuminate\\Pipeline\\Pipeline.php(128): Illuminate\\Foundation\\Http\\Kernel->Illuminate\\Foundation\\Http\\{closure}(Object(Illuminate\\Http\\Request))
#14 D:\\Aplikasi\\XAMPP\\htdocs\\Teknologi Web\\Tugas4\\vendor\\laravel\\framework\\src\\Illuminate\\Foundation\\Http\\Middleware\\TransformsRequest.php(21): Illuminate\\Pipeline\\Pipeline->Illuminate\\Pipeline\\{closure}(Object(Illuminate\\Http\\Request))
#15 D:\\Aplikasi\\XAMPP\\htdocs\\Teknologi Web\\Tugas4\\vendor\\laravel\\framework\\src\\Illuminate\\Pipeline\\Pipeline.php(167): Illuminate\\Foundation\\Http\\Middleware\\TransformsRequest->handle(Object(Illuminate\\Http\\Request), Object(Closure))
#16 D:\\Aplikasi\\XAMPP\\htdocs\\Teknologi Web\\Tugas4\\vendor\\laravel\\framework\\src\\Illuminate\\Foundation\\Http\\Middleware\\TransformsRequest.php(21): Illuminate\\Pipeline\\Pipeline->Illuminate\\Pipeline\\{closure}(Object(Illuminate\\Http\\Request))
#17 D:\\Aplikasi\\XAMPP\\htdocs\\Teknologi Web\\Tugas4\\vendor\\laravel\\framework\\src\\Illuminate\\Pipeline\\Pipeline.php(167): Illuminate\\Foundation\\Http\\Middleware\\TransformsRequest->handle(Object(Illuminate\\Http\\Request), Object(Closure))
#18 D:\\Aplikasi\\XAMPP\\htdocs\\Teknologi Web\\Tugas4\\vendor\\laravel\\framework\\src\\Illuminate\\Foundation\\Http\\Middleware\\ValidatePostSize.php(27): Illuminate\\Pipeline\\Pipeline->Illuminate\\Pipeline\\{closure}(Object(Illuminate\\Http\\Request))
#19 D:\\Aplikasi\\XAMPP\\htdocs\\Teknologi Web\\Tugas4\\vendor\\laravel\\framework\\src\\Illuminate\\Pipeline\\Pipeline.php(167): Illuminate\\Foundation\\Http\\Middleware\\ValidatePostSize->handle(Object(Illuminate\\Http\\Request), Object(Closure))
#20 D:\\Aplikasi\\XAMPP\\htdocs\\Teknologi Web\\Tugas4\\vendor\\laravel\\framework\\src\\Illuminate\\Foundation\\Http\\Middleware\\PreventRequestsDuringMaintenance.php(86): Illuminate\\Pipeline\\Pipeline->Illuminate\\Pipeline\\{closure}(Object(Illuminate\\Http\\Request))
#21 D:\\Aplikasi\\XAMPP\\htdocs\\Teknologi Web\\Tugas4\\vendor\\laravel\\framework\\src\\Illuminate\\Pipeline\\Pipeline.php(167): Illuminate\\Foundation\\Http\\Middleware\\PreventRequestsDuringMaintenance->handle(Object(Illuminate\\Http\\Request), Object(Closure))
#22 D:\\Aplikasi\\XAMPP\\htdocs\\Teknologi Web\\Tugas4\\vendor\\fruitcake\\laravel-cors\\src\\HandleCors.php(37): Illuminate\\Pipeline\\Pipeline->Illuminate\\Pipeline\\{closure}(Object(Illuminate\\Http\\Request))
#23 D:\\Aplikasi\\XAMPP\\htdocs\\Teknologi Web\\Tugas4\\vendor\\laravel\\framework\\src\\Illuminate\\Pipeline\\Pipeline.php(167): Fruitcake\\Cors\\HandleCors->handle(Object(Illuminate\\Http\\Request), Object(Closure))
#24 D:\\Aplikasi\\XAMPP\\htdocs\\Teknologi Web\\Tugas4\\vendor\\fideloper\\proxy\\src\\TrustProxies.php(57): Illuminate\\Pipeline\\Pipeline->Illuminate\\Pipeline\\{closure}(Object(Illuminate\\Http\\Request))
#25 D:\\Aplikasi\\XAMPP\\htdocs\\Teknologi Web\\Tugas4\\vendor\\laravel\\framework\\src\\Illuminate\\Pipeline\\Pipeline.php(167): Fideloper\\Proxy\\TrustProxies->handle(Object(Illuminate\\Http\\Request), Object(Closure))
#26 D:\\Aplikasi\\XAMPP\\htdocs\\Teknologi Web\\Tugas4\\vendor\\laravel\\framework\\src\\Illuminate\\Pipeline\\Pipeline.php(103): Illuminate\\Pipeline\\Pipeline->Illuminate\\Pipeline\\{closure}(Object(Illuminate\\Http\\Request))
#27 D:\\Aplikasi\\XAMPP\\htdocs\\Teknologi Web\\Tugas4\\vendor\\laravel\\framework\\src\\Illuminate\\Foundation\\Http\\Kernel.php(141): Illuminate\\Pipeline\\Pipeline->then(Object(Closure))
#28 D:\\Aplikasi\\XAMPP\\htdocs\\Teknologi Web\\Tugas4\\vendor\\laravel\\framework\\src\\Illuminate\\Foundation\\Http\\Kernel.php(110): Illuminate\\Foundation\\Http\\Kernel->sendRequestThroughRouter(Object(Illuminate\\Http\\Request))
#29 D:\\Aplikasi\\XAMPP\\htdocs\\Teknologi Web\\Tugas4\\public\\index.php(52): Illuminate\\Foundation\\Http\\Kernel->handle(Object(Illuminate\\Http\\Request))
#30 D:\\Aplikasi\\XAMPP\\htdocs\\Teknologi Web\\Tugas4\\server.php(21): require_once('D:\\\\Aplikasi\\\\XAM...')
#31 {main}

[previous exception] [object] (ReflectionException(code: -1): Class \"HomeController\" does not exist at D:\\Aplikasi\\XAMPP\\htdocs\\Teknologi Web\\Tugas4\\vendor\\laravel\\framework\\src\\Illuminate\\Container\\Container.php:833)
[stacktrace]
#0 D:\\Aplikasi\\XAMPP\\htdocs\\Teknologi Web\\Tugas4\\vendor\\laravel\\framework\\src\\Illuminate\\Container\\Container.php(833): ReflectionClass->__construct('HomeController')
#1 D:\\Aplikasi\\XAMPP\\htdocs\\Teknologi Web\\Tugas4\\vendor\\laravel\\framework\\src\\Illuminate\\Container\\Container.php(714): Illuminate\\Container\\Container->build('HomeController')
#2 D:\\Aplikasi\\XAMPP\\htdocs\\Teknologi Web\\Tugas4\\vendor\\laravel\\framework\\src\\Illuminate\\Foundation\\Application.php(841): Illuminate\\Container\\Container->resolve('HomeController', Array, true)
#3 D:\\Aplikasi\\XAMPP\\htdocs\\Teknologi Web\\Tugas4\\vendor\\laravel\\framework\\src\\Illuminate\\Container\\Container.php(652): Illuminate\\Foundation\\Application->resolve('HomeController', Array)
#4 D:\\Aplikasi\\XAMPP\\htdocs\\Teknologi Web\\Tugas4\\vendor\\laravel\\framework\\src\\Illuminate\\Foundation\\Application.php(826): Illuminate\\Container\\Container->make('HomeController', Array)
#5 D:\\Aplikasi\\XAMPP\\htdocs\\Teknologi Web\\Tugas4\\vendor\\laravel\\framework\\src\\Illuminate\\Routing\\Route.php(268): Illuminate\\Foundation\\Application->make('HomeController')
#6 D:\\Aplikasi\\XAMPP\\htdocs\\Teknologi Web\\Tugas4\\vendor\\laravel\\framework\\src\\Illuminate\\Routing\\Route.php(1019): Illuminate\\Routing\\Route->getController()
#7 D:\\Aplikasi\\XAMPP\\htdocs\\Teknologi Web\\Tugas4\\vendor\\laravel\\framework\\src\\Illuminate\\Routing\\Route.php(980): Illuminate\\Routing\\Route->controllerMiddleware()
#8 D:\\Aplikasi\\XAMPP\\htdocs\\Teknologi Web\\Tugas4\\vendor\\laravel\\framework\\src\\Illuminate\\Routing\\Router.php(710): Illuminate\\Routing\\Route->gatherMiddleware()
#9 D:\\Aplikasi\\XAMPP\\htdocs\\Teknologi Web\\Tugas4\\vendor\\laravel\\framework\\src\\Illuminate\\Routing\\Router.php(686): Illuminate\\Routing\\Router->gatherRouteMiddleware(Object(Illuminate\\Routing\\Route))
#10 D:\\Aplikasi\\XAMPP\\htdocs\\Teknologi Web\\Tugas4\\vendor\\laravel\\framework\\src\\Illuminate\\Routing\\Router.php(670): Illuminate\\Routing\\Router->runRouteWithinStack(Object(Illuminate\\Routing\\Route), Object(Illuminate\\Http\\Request))
#11 D:\\Aplikasi\\XAMPP\\htdocs\\Teknologi Web\\Tugas4\\vendor\\laravel\\framework\\src\\Illuminate\\Routing\\Router.php(636): Illuminate\\Routing\\Router->runRoute(Object(Illuminate\\Http\\Request), Object(Illuminate\\Routing\\Route))
#12 D:\\Aplikasi\\XAMPP\\htdocs\\Teknologi Web\\Tugas4\\vendor\\laravel\\framework\\src\\Illuminate\\Routing\\Router.php(625): Illuminate\\Routing\\Router->dispatchToRoute(Object(Illuminate\\Http\\Request))
#13 D:\\Aplikasi\\XAMPP\\htdocs\\Teknologi Web\\Tugas4\\vendor\\laravel\\framework\\src\\Illuminate\\Foundation\\Http\\Kernel.php(166): Illuminate\\Routing\\Router->dispatch(Object(Illuminate\\Http\\Request))
#14 D:\\Aplikasi\\XAMPP\\htdocs\\Teknologi Web\\Tugas4\\vendor\\laravel\\framework\\src\\Illuminate\\Pipeline\\Pipeline.php(128): Illuminate\\Foundation\\Http\\Kernel->Illuminate\\Foundation\\Http\\{closure}(Object(Illuminate\\Http\\Request))
#15 D:\\Aplikasi\\XAMPP\\htdocs\\Teknologi Web\\Tugas4\\vendor\\laravel\\framework\\src\\Illuminate\\Foundation\\Http\\Middleware\\TransformsRequest.php(21): Illuminate\\Pipeline\\Pipeline->Illuminate\\Pipeline\\{closure}(Object(Illuminate\\Http\\Request))
#16 D:\\Aplikasi\\XAMPP\\htdocs\\Teknologi Web\\Tugas4\\vendor\\laravel\\framework\\src\\Illuminate\\Pipeline\\Pipeline.php(167): Illuminate\\Foundation\\Http\\Middleware\\TransformsRequest->handle(Object(Illuminate\\Http\\Request), Object(Closure))
#17 D:\\Aplikasi\\XAMPP\\htdocs\\Teknologi Web\\Tugas4\\vendor\\laravel\\framework\\src\\Illuminate\\Foundation\\Http\\Middleware\\TransformsRequest.php(21): Illuminate\\Pipeline\\Pipeline->Illuminate\\Pipeline\\{closure}(Object(Illuminate\\Http\\Request))
#18 D:\\Aplikasi\\XAMPP\\htdocs\\Teknologi Web\\Tugas4\\vendor\\laravel\\framework\\src\\Illuminate\\Pipeline\\Pipeline.php(167): Illuminate\\Foundation\\Http\\Middleware\\TransformsRequest->handle(Object(Illuminate\\Http\\Request), Object(Closure))
#19 D:\\Aplikasi\\XAMPP\\htdocs\\Teknologi Web\\Tugas4\\vendor\\laravel\\framework\\src\\Illuminate\\Foundation\\Http\\Middleware\\ValidatePostSize.php(27): Illuminate\\Pipeline\\Pipeline->Illuminate\\Pipeline\\{closure}(Object(Illuminate\\Http\\Request))
#20 D:\\Aplikasi\\XAMPP\\htdocs\\Teknologi Web\\Tugas4\\vendor\\laravel\\framework\\src\\Illuminate\\Pipeline\\Pipeline.php(167): Illuminate\\Foundation\\Http\\Middleware\\ValidatePostSize->handle(Object(Illuminate\\Http\\Request), Object(Closure))
#21 D:\\Aplikasi\\XAMPP\\htdocs\\Teknologi Web\\Tugas4\\vendor\\laravel\\framework\\src\\Illuminate\\Foundation\\Http\\Middleware\\PreventRequestsDuringMaintenance.php(86): Illuminate\\Pipeline\\Pipeline->Illuminate\\Pipeline\\{closure}(Object(Illuminate\\Http\\Request))
#22 D:\\Aplikasi\\XAMPP\\htdocs\\Teknologi Web\\Tugas4\\vendor\\laravel\\framework\\src\\Illuminate\\Pipeline\\Pipeline.php(167): Illuminate\\Foundation\\Http\\Middleware\\PreventRequestsDuringMaintenance->handle(Object(Illuminate\\Http\\Request), Object(Closure))
#23 D:\\Aplikasi\\XAMPP\\htdocs\\Teknologi Web\\Tugas4\\vendor\\fruitcake\\laravel-cors\\src\\HandleCors.php(37): Illuminate\\Pipeline\\Pipeline->Illuminate\\Pipeline\\{closure}(Object(Illuminate\\Http\\Request))
#24 D:\\Aplikasi\\XAMPP\\htdocs\\Teknologi Web\\Tugas4\\vendor\\laravel\\framework\\src\\Illuminate\\Pipeline\\Pipeline.php(167): Fruitcake\\Cors\\HandleCors->handle(Object(Illuminate\\Http\\Request), Object(Closure))
#25 D:\\Aplikasi\\XAMPP\\htdocs\\Teknologi Web\\Tugas4\\vendor\\fideloper\\proxy\\src\\TrustProxies.php(57): Illuminate\\Pipeline\\Pipeline->Illuminate\\Pipeline\\{closure}(Object(Illuminate\\Http\\Request))
#26 D:\\Aplikasi\\XAMPP\\htdocs\\Teknologi Web\\Tugas4\\vendor\\laravel\\framework\\src\\Illuminate\\Pipeline\\Pipeline.php(167): Fideloper\\Proxy\\TrustProxies->handle(Object(Illuminate\\Http\\Request), Object(Closure))
#27 D:\\Aplikasi\\XAMPP\\htdocs\\Teknologi Web\\Tugas4\\vendor\\laravel\\framework\\src\\Illuminate\\Pipeline\\Pipeline.php(103): Illuminate\\Pipeline\\Pipeline->Illuminate\\Pipeline\\{closure}(Object(Illuminate\\Http\\Request))
#28 D:\\Aplikasi\\XAMPP\\htdocs\\Teknologi Web\\Tugas4\\vendor\\laravel\\framework\\src\\Illuminate\\Foundation\\Http\\Kernel.php(141): Illuminate\\Pipeline\\Pipeline->then(Object(Closure))
#29 D:\\Aplikasi\\XAMPP\\htdocs\\Teknologi Web\\Tugas4\\vendor\\laravel\\framework\\src\\Illuminate\\Foundation\\Http\\Kernel.php(110): Illuminate\\Foundation\\Http\\Kernel->sendRequestThroughRouter(Object(Illuminate\\Http\\Request))
#30 D:\\Aplikasi\\XAMPP\\htdocs\\Teknologi Web\\Tugas4\\public\\index.php(52): Illuminate\\Foundation\\Http\\Kernel->handle(Object(Illuminate\\Http\\Request))
#31 D:\\Aplikasi\\XAMPP\\htdocs\\Teknologi Web\\Tugas4\\server.php(21): require_once('D:\\\\Aplikasi\\\\XAM...')
#32 {main}
"} 
[2021-03-21 10:59:21] local.ERROR: syntax error, unexpected token ",", expecting ";" {"exception":"[object] (ParseError(code: 0): syntax error, unexpected token \",\", expecting \";\" at D:\\Aplikasi\\XAMPP\\htdocs\\Teknologi Web\\Tugas4\\app\\Http\\Controllers\\HomeController.php:18)
[stacktrace]
#0 D:\\Aplikasi\\XAMPP\\htdocs\\Teknologi Web\\Tugas4\\vendor\\composer\\ClassLoader.php(346): Composer\\Autoload\\includeFile('D:\\\\Aplikasi\\\\XAM...')
#1 [internal function]: Composer\\Autoload\\ClassLoader->loadClass('App\\\\Http\\\\Contro...')
#2 D:\\Aplikasi\\XAMPP\\htdocs\\Teknologi Web\\Tugas4\\vendor\\laravel\\framework\\src\\Illuminate\\Container\\Container.php(833): ReflectionClass->__construct('App\\\\Http\\\\Contro...')
#3 D:\\Aplikasi\\XAMPP\\htdocs\\Teknologi Web\\Tugas4\\vendor\\laravel\\framework\\src\\Illuminate\\Container\\Container.php(714): Illuminate\\Container\\Container->build('App\\\\Http\\\\Contro...')
#4 D:\\Aplikasi\\XAMPP\\htdocs\\Teknologi Web\\Tugas4\\vendor\\laravel\\framework\\src\\Illuminate\\Foundation\\Application.php(841): Illuminate\\Container\\Container->resolve('App\\\\Http\\\\Contro...', Array, true)
#5 D:\\Aplikasi\\XAMPP\\htdocs\\Teknologi Web\\Tugas4\\vendor\\laravel\\framework\\src\\Illuminate\\Container\\Container.php(652): Illuminate\\Foundation\\Application->resolve('App\\\\Http\\\\Contro...', Array)
#6 D:\\Aplikasi\\XAMPP\\htdocs\\Teknologi Web\\Tugas4\\vendor\\laravel\\framework\\src\\Illuminate\\Foundation\\Application.php(826): Illuminate\\Container\\Container->make('App\\\\Http\\\\Contro...', Array)
#7 D:\\Aplikasi\\XAMPP\\htdocs\\Teknologi Web\\Tugas4\\vendor\\laravel\\framework\\src\\Illuminate\\Routing\\Route.php(268): Illuminate\\Foundation\\Application->make('App\\\\Http\\\\Contro...')
#8 D:\\Aplikasi\\XAMPP\\htdocs\\Teknologi Web\\Tugas4\\vendor\\laravel\\framework\\src\\Illuminate\\Routing\\Route.php(1019): Illuminate\\Routing\\Route->getController()
#9 D:\\Aplikasi\\XAMPP\\htdocs\\Teknologi Web\\Tugas4\\vendor\\laravel\\framework\\src\\Illuminate\\Routing\\Route.php(980): Illuminate\\Routing\\Route->controllerMiddleware()
#10 D:\\Aplikasi\\XAMPP\\htdocs\\Teknologi Web\\Tugas4\\vendor\\laravel\\framework\\src\\Illuminate\\Routing\\Router.php(710): Illuminate\\Routing\\Route->gatherMiddleware()
#11 D:\\Aplikasi\\XAMPP\\htdocs\\Teknologi Web\\Tugas4\\vendor\\laravel\\framework\\src\\Illuminate\\Routing\\Router.php(686): Illuminate\\Routing\\Router->gatherRouteMiddleware(Object(Illuminate\\Routing\\Route))
#12 D:\\Aplikasi\\XAMPP\\htdocs\\Teknologi Web\\Tugas4\\vendor\\laravel\\framework\\src\\Illuminate\\Routing\\Router.php(670): Illuminate\\Routing\\Router->runRouteWithinStack(Object(Illuminate\\Routing\\Route), Object(Illuminate\\Http\\Request))
#13 D:\\Aplikasi\\XAMPP\\htdocs\\Teknologi Web\\Tugas4\\vendor\\laravel\\framework\\src\\Illuminate\\Routing\\Router.php(636): Illuminate\\Routing\\Router->runRoute(Object(Illuminate\\Http\\Request), Object(Illuminate\\Routing\\Route))
#14 D:\\Aplikasi\\XAMPP\\htdocs\\Teknologi Web\\Tugas4\\vendor\\laravel\\framework\\src\\Illuminate\\Routing\\Router.php(625): Illuminate\\Routing\\Router->dispatchToRoute(Object(Illuminate\\Http\\Request))
#15 D:\\Aplikasi\\XAMPP\\htdocs\\Teknologi Web\\Tugas4\\vendor\\laravel\\framework\\src\\Illuminate\\Foundation\\Http\\Kernel.php(166): Illuminate\\Routing\\Router->dispatch(Object(Illuminate\\Http\\Request))
#16 D:\\Aplikasi\\XAMPP\\htdocs\\Teknologi Web\\Tugas4\\vendor\\laravel\\framework\\src\\Illuminate\\Pipeline\\Pipeline.php(128): Illuminate\\Foundation\\Http\\Kernel->Illuminate\\Foundation\\Http\\{closure}(Object(Illuminate\\Http\\Request))
#17 D:\\Aplikasi\\XAMPP\\htdocs\\Teknologi Web\\Tugas4\\vendor\\laravel\\framework\\src\\Illuminate\\Foundation\\Http\\Middleware\\TransformsRequest.php(21): Illuminate\\Pipeline\\Pipeline->Illuminate\\Pipeline\\{closure}(Object(Illuminate\\Http\\Request))
#18 D:\\Aplikasi\\XAMPP\\htdocs\\Teknologi Web\\Tugas4\\vendor\\laravel\\framework\\src\\Illuminate\\Pipeline\\Pipeline.php(167): Illuminate\\Foundation\\Http\\Middleware\\TransformsRequest->handle(Object(Illuminate\\Http\\Request), Object(Closure))
#19 D:\\Aplikasi\\XAMPP\\htdocs\\Teknologi Web\\Tugas4\\vendor\\laravel\\framework\\src\\Illuminate\\Foundation\\Http\\Middleware\\TransformsRequest.php(21): Illuminate\\Pipeline\\Pipeline->Illuminate\\Pipeline\\{closure}(Object(Illuminate\\Http\\Request))
#20 D:\\Aplikasi\\XAMPP\\htdocs\\Teknologi Web\\Tugas4\\vendor\\laravel\\framework\\src\\Illuminate\\Pipeline\\Pipeline.php(167): Illuminate\\Foundation\\Http\\Middleware\\TransformsRequest->handle(Object(Illuminate\\Http\\Request), Object(Closure))
#21 D:\\Aplikasi\\XAMPP\\htdocs\\Teknologi Web\\Tugas4\\vendor\\laravel\\framework\\src\\Illuminate\\Foundation\\Http\\Middleware\\ValidatePostSize.php(27): Illuminate\\Pipeline\\Pipeline->Illuminate\\Pipeline\\{closure}(Object(Illuminate\\Http\\Request))
#22 D:\\Aplikasi\\XAMPP\\htdocs\\Teknologi Web\\Tugas4\\vendor\\laravel\\framework\\src\\Illuminate\\Pipeline\\Pipeline.php(167): Illuminate\\Foundation\\Http\\Middleware\\ValidatePostSize->handle(Object(Illuminate\\Http\\Request), Object(Closure))
#23 D:\\Aplikasi\\XAMPP\\htdocs\\Teknologi Web\\Tugas4\\vendor\\laravel\\framework\\src\\Illuminate\\Foundation\\Http\\Middleware\\PreventRequestsDuringMaintenance.php(86): Illuminate\\Pipeline\\Pipeline->Illuminate\\Pipeline\\{closure}(Object(Illuminate\\Http\\Request))
#24 D:\\Aplikasi\\XAMPP\\htdocs\\Teknologi Web\\Tugas4\\vendor\\laravel\\framework\\src\\Illuminate\\Pipeline\\Pipeline.php(167): Illuminate\\Foundation\\Http\\Middleware\\PreventRequestsDuringMaintenance->handle(Object(Illuminate\\Http\\Request), Object(Closure))
#25 D:\\Aplikasi\\XAMPP\\htdocs\\Teknologi Web\\Tugas4\\vendor\\fruitcake\\laravel-cors\\src\\HandleCors.php(37): Illuminate\\Pipeline\\Pipeline->Illuminate\\Pipeline\\{closure}(Object(Illuminate\\Http\\Request))
#26 D:\\Aplikasi\\XAMPP\\htdocs\\Teknologi Web\\Tugas4\\vendor\\laravel\\framework\\src\\Illuminate\\Pipeline\\Pipeline.php(167): Fruitcake\\Cors\\HandleCors->handle(Object(Illuminate\\Http\\Request), Object(Closure))
#27 D:\\Aplikasi\\XAMPP\\htdocs\\Teknologi Web\\Tugas4\\vendor\\fideloper\\proxy\\src\\TrustProxies.php(57): Illuminate\\Pipeline\\Pipeline->Illuminate\\Pipeline\\{closure}(Object(Illuminate\\Http\\Request))
#28 D:\\Aplikasi\\XAMPP\\htdocs\\Teknologi Web\\Tugas4\\vendor\\laravel\\framework\\src\\Illuminate\\Pipeline\\Pipeline.php(167): Fideloper\\Proxy\\TrustProxies->handle(Object(Illuminate\\Http\\Request), Object(Closure))
#29 D:\\Aplikasi\\XAMPP\\htdocs\\Teknologi Web\\Tugas4\\vendor\\laravel\\framework\\src\\Illuminate\\Pipeline\\Pipeline.php(103): Illuminate\\Pipeline\\Pipeline->Illuminate\\Pipeline\\{closure}(Object(Illuminate\\Http\\Request))
#30 D:\\Aplikasi\\XAMPP\\htdocs\\Teknologi Web\\Tugas4\\vendor\\laravel\\framework\\src\\Illuminate\\Foundation\\Http\\Kernel.php(141): Illuminate\\Pipeline\\Pipeline->then(Object(Closure))
#31 D:\\Aplikasi\\XAMPP\\htdocs\\Teknologi Web\\Tugas4\\vendor\\laravel\\framework\\src\\Illuminate\\Foundation\\Http\\Kernel.php(110): Illuminate\\Foundation\\Http\\Kernel->sendRequestThroughRouter(Object(Illuminate\\Http\\Request))
#32 D:\\Aplikasi\\XAMPP\\htdocs\\Teknologi Web\\Tugas4\\public\\index.php(52): Illuminate\\Foundation\\Http\\Kernel->handle(Object(Illuminate\\Http\\Request))
#33 D:\\Aplikasi\\XAMPP\\htdocs\\Teknologi Web\\Tugas4\\server.php(21): require_once('D:\\\\Aplikasi\\\\XAM...')
#34 {main}
"} 
[2021-03-21 11:02:16] local.ERROR: syntax error, unexpected token "return" {"exception":"[object] (ParseError(code: 0): syntax error, unexpected token \"return\" at D:\\Aplikasi\\XAMPP\\htdocs\\Teknologi Web\\Tugas4\\app\\Http\\Controllers\\HomeController.php:19)
[stacktrace]
#0 D:\\Aplikasi\\XAMPP\\htdocs\\Teknologi Web\\Tugas4\\vendor\\composer\\ClassLoader.php(346): Composer\\Autoload\\includeFile('D:\\\\Aplikasi\\\\XAM...')
#1 [internal function]: Composer\\Autoload\\ClassLoader->loadClass('App\\\\Http\\\\Contro...')
#2 D:\\Aplikasi\\XAMPP\\htdocs\\Teknologi Web\\Tugas4\\vendor\\laravel\\framework\\src\\Illuminate\\Container\\Container.php(833): ReflectionClass->__construct('App\\\\Http\\\\Contro...')
#3 D:\\Aplikasi\\XAMPP\\htdocs\\Teknologi Web\\Tugas4\\vendor\\laravel\\framework\\src\\Illuminate\\Container\\Container.php(714): Illuminate\\Container\\Container->build('App\\\\Http\\\\Contro...')
#4 D:\\Aplikasi\\XAMPP\\htdocs\\Teknologi Web\\Tugas4\\vendor\\laravel\\framework\\src\\Illuminate\\Foundation\\Application.php(841): Illuminate\\Container\\Container->resolve('App\\\\Http\\\\Contro...', Array, true)
#5 D:\\Aplikasi\\XAMPP\\htdocs\\Teknologi Web\\Tugas4\\vendor\\laravel\\framework\\src\\Illuminate\\Container\\Container.php(652): Illuminate\\Foundation\\Application->resolve('App\\\\Http\\\\Contro...', Array)
#6 D:\\Aplikasi\\XAMPP\\htdocs\\Teknologi Web\\Tugas4\\vendor\\laravel\\framework\\src\\Illuminate\\Foundation\\Application.php(826): Illuminate\\Container\\Container->make('App\\\\Http\\\\Contro...', Array)
#7 D:\\Aplikasi\\XAMPP\\htdocs\\Teknologi Web\\Tugas4\\vendor\\laravel\\framework\\src\\Illuminate\\Routing\\Route.php(268): Illuminate\\Foundation\\Application->make('App\\\\Http\\\\Contro...')
#8 D:\\Aplikasi\\XAMPP\\htdocs\\Teknologi Web\\Tugas4\\vendor\\laravel\\framework\\src\\Illuminate\\Routing\\Route.php(1019): Illuminate\\Routing\\Route->getController()
#9 D:\\Aplikasi\\XAMPP\\htdocs\\Teknologi Web\\Tugas4\\vendor\\laravel\\framework\\src\\Illuminate\\Routing\\Route.php(980): Illuminate\\Routing\\Route->controllerMiddleware()
#10 D:\\Aplikasi\\XAMPP\\htdocs\\Teknologi Web\\Tugas4\\vendor\\laravel\\framework\\src\\Illuminate\\Routing\\Router.php(710): Illuminate\\Routing\\Route->gatherMiddleware()
#11 D:\\Aplikasi\\XAMPP\\htdocs\\Teknologi Web\\Tugas4\\vendor\\laravel\\framework\\src\\Illuminate\\Routing\\Router.php(686): Illuminate\\Routing\\Router->gatherRouteMiddleware(Object(Illuminate\\Routing\\Route))
#12 D:\\Aplikasi\\XAMPP\\htdocs\\Teknologi Web\\Tugas4\\vendor\\laravel\\framework\\src\\Illuminate\\Routing\\Router.php(670): Illuminate\\Routing\\Router->runRouteWithinStack(Object(Illuminate\\Routing\\Route), Object(Illuminate\\Http\\Request))
#13 D:\\Aplikasi\\XAMPP\\htdocs\\Teknologi Web\\Tugas4\\vendor\\laravel\\framework\\src\\Illuminate\\Routing\\Router.php(636): Illuminate\\Routing\\Router->runRoute(Object(Illuminate\\Http\\Request), Object(Illuminate\\Routing\\Route))
#14 D:\\Aplikasi\\XAMPP\\htdocs\\Teknologi Web\\Tugas4\\vendor\\laravel\\framework\\src\\Illuminate\\Routing\\Router.php(625): Illuminate\\Routing\\Router->dispatchToRoute(Object(Illuminate\\Http\\Request))
#15 D:\\Aplikasi\\XAMPP\\htdocs\\Teknologi Web\\Tugas4\\vendor\\laravel\\framework\\src\\Illuminate\\Foundation\\Http\\Kernel.php(166): Illuminate\\Routing\\Router->dispatch(Object(Illuminate\\Http\\Request))
#16 D:\\Aplikasi\\XAMPP\\htdocs\\Teknologi Web\\Tugas4\\vendor\\laravel\\framework\\src\\Illuminate\\Pipeline\\Pipeline.php(128): Illuminate\\Foundation\\Http\\Kernel->Illuminate\\Foundation\\Http\\{closure}(Object(Illuminate\\Http\\Request))
#17 D:\\Aplikasi\\XAMPP\\htdocs\\Teknologi Web\\Tugas4\\vendor\\laravel\\framework\\src\\Illuminate\\Foundation\\Http\\Middleware\\TransformsRequest.php(21): Illuminate\\Pipeline\\Pipeline->Illuminate\\Pipeline\\{closure}(Object(Illuminate\\Http\\Request))
#18 D:\\Aplikasi\\XAMPP\\htdocs\\Teknologi Web\\Tugas4\\vendor\\laravel\\framework\\src\\Illuminate\\Pipeline\\Pipeline.php(167): Illuminate\\Foundation\\Http\\Middleware\\TransformsRequest->handle(Object(Illuminate\\Http\\Request), Object(Closure))
#19 D:\\Aplikasi\\XAMPP\\htdocs\\Teknologi Web\\Tugas4\\vendor\\laravel\\framework\\src\\Illuminate\\Foundation\\Http\\Middleware\\TransformsRequest.php(21): Illuminate\\Pipeline\\Pipeline->Illuminate\\Pipeline\\{closure}(Object(Illuminate\\Http\\Request))
#20 D:\\Aplikasi\\XAMPP\\htdocs\\Teknologi Web\\Tugas4\\vendor\\laravel\\framework\\src\\Illuminate\\Pipeline\\Pipeline.php(167): Illuminate\\Foundation\\Http\\Middleware\\TransformsRequest->handle(Object(Illuminate\\Http\\Request), Object(Closure))
#21 D:\\Aplikasi\\XAMPP\\htdocs\\Teknologi Web\\Tugas4\\vendor\\laravel\\framework\\src\\Illuminate\\Foundation\\Http\\Middleware\\ValidatePostSize.php(27): Illuminate\\Pipeline\\Pipeline->Illuminate\\Pipeline\\{closure}(Object(Illuminate\\Http\\Request))
#22 D:\\Aplikasi\\XAMPP\\htdocs\\Teknologi Web\\Tugas4\\vendor\\laravel\\framework\\src\\Illuminate\\Pipeline\\Pipeline.php(167): Illuminate\\Foundation\\Http\\Middleware\\ValidatePostSize->handle(Object(Illuminate\\Http\\Request), Object(Closure))
#23 D:\\Aplikasi\\XAMPP\\htdocs\\Teknologi Web\\Tugas4\\vendor\\laravel\\framework\\src\\Illuminate\\Foundation\\Http\\Middleware\\PreventRequestsDuringMaintenance.php(86): Illuminate\\Pipeline\\Pipeline->Illuminate\\Pipeline\\{closure}(Object(Illuminate\\Http\\Request))
#24 D:\\Aplikasi\\XAMPP\\htdocs\\Teknologi Web\\Tugas4\\vendor\\laravel\\framework\\src\\Illuminate\\Pipeline\\Pipeline.php(167): Illuminate\\Foundation\\Http\\Middleware\\PreventRequestsDuringMaintenance->handle(Object(Illuminate\\Http\\Request), Object(Closure))
#25 D:\\Aplikasi\\XAMPP\\htdocs\\Teknologi Web\\Tugas4\\vendor\\fruitcake\\laravel-cors\\src\\HandleCors.php(37): Illuminate\\Pipeline\\Pipeline->Illuminate\\Pipeline\\{closure}(Object(Illuminate\\Http\\Request))
#26 D:\\Aplikasi\\XAMPP\\htdocs\\Teknologi Web\\Tugas4\\vendor\\laravel\\framework\\src\\Illuminate\\Pipeline\\Pipeline.php(167): Fruitcake\\Cors\\HandleCors->handle(Object(Illuminate\\Http\\Request), Object(Closure))
#27 D:\\Aplikasi\\XAMPP\\htdocs\\Teknologi Web\\Tugas4\\vendor\\fideloper\\proxy\\src\\TrustProxies.php(57): Illuminate\\Pipeline\\Pipeline->Illuminate\\Pipeline\\{closure}(Object(Illuminate\\Http\\Request))
#28 D:\\Aplikasi\\XAMPP\\htdocs\\Teknologi Web\\Tugas4\\vendor\\laravel\\framework\\src\\Illuminate\\Pipeline\\Pipeline.php(167): Fideloper\\Proxy\\TrustProxies->handle(Object(Illuminate\\Http\\Request), Object(Closure))
#29 D:\\Aplikasi\\XAMPP\\htdocs\\Teknologi Web\\Tugas4\\vendor\\laravel\\framework\\src\\Illuminate\\Pipeline\\Pipeline.php(103): Illuminate\\Pipeline\\Pipeline->Illuminate\\Pipeline\\{closure}(Object(Illuminate\\Http\\Request))
#30 D:\\Aplikasi\\XAMPP\\htdocs\\Teknologi Web\\Tugas4\\vendor\\laravel\\framework\\src\\Illuminate\\Foundation\\Http\\Kernel.php(141): Illuminate\\Pipeline\\Pipeline->then(Object(Closure))
#31 D:\\Aplikasi\\XAMPP\\htdocs\\Teknologi Web\\Tugas4\\vendor\\laravel\\framework\\src\\Illuminate\\Foundation\\Http\\Kernel.php(110): Illuminate\\Foundation\\Http\\Kernel->sendRequestThroughRouter(Object(Illuminate\\Http\\Request))
#32 D:\\Aplikasi\\XAMPP\\htdocs\\Teknologi Web\\Tugas4\\public\\index.php(52): Illuminate\\Foundation\\Http\\Kernel->handle(Object(Illuminate\\Http\\Request))
#33 D:\\Aplikasi\\XAMPP\\htdocs\\Teknologi Web\\Tugas4\\server.php(21): require_once('D:\\\\Aplikasi\\\\XAM...')
#34 {main}
"} 
[2021-03-21 16:44:39] local.ERROR: fclose(): Argument #1 ($stream) must be of type resource, bool given {"exception":"[object] (TypeError(code: 0): fclose(): Argument #1 ($stream) must be of type resource, bool given at D:\\Aplikasi\\XAMPP\\htdocs\\Teknologi Web\\Tugas4\\vendor\\symfony\\process\\Pipes\\WindowsPipes.php:74)
[stacktrace]
#0 D:\\Aplikasi\\XAMPP\\htdocs\\Teknologi Web\\Tugas4\\vendor\\symfony\\process\\Pipes\\WindowsPipes.php(74): fclose(false)
#1 D:\\Aplikasi\\XAMPP\\htdocs\\Teknologi Web\\Tugas4\\vendor\\symfony\\process\\Process.php(1304): Symfony\\Component\\Process\\Pipes\\WindowsPipes->__construct(NULL, true)
#2 D:\\Aplikasi\\XAMPP\\htdocs\\Teknologi Web\\Tugas4\\vendor\\symfony\\process\\Process.php(302): Symfony\\Component\\Process\\Process->getDescriptors()
#3 D:\\Aplikasi\\XAMPP\\htdocs\\Teknologi Web\\Tugas4\\vendor\\laravel\\framework\\src\\Illuminate\\Foundation\\Console\\ServeCommand.php(109): Symfony\\Component\\Process\\Process->start(Object(Closure))
#4 D:\\Aplikasi\\XAMPP\\htdocs\\Teknologi Web\\Tugas4\\vendor\\laravel\\framework\\src\\Illuminate\\Foundation\\Console\\ServeCommand.php(57): Illuminate\\Foundation\\Console\\ServeCommand->startProcess()
#5 D:\\Aplikasi\\XAMPP\\htdocs\\Teknologi Web\\Tugas4\\vendor\\laravel\\framework\\src\\Illuminate\\Container\\BoundMethod.php(36): Illuminate\\Foundation\\Console\\ServeCommand->handle()
#6 D:\\Aplikasi\\XAMPP\\htdocs\\Teknologi Web\\Tugas4\\vendor\\laravel\\framework\\src\\Illuminate\\Container\\Util.php(40): Illuminate\\Container\\BoundMethod::Illuminate\\Container\\{closure}()
#7 D:\\Aplikasi\\XAMPP\\htdocs\\Teknologi Web\\Tugas4\\vendor\\laravel\\framework\\src\\Illuminate\\Container\\BoundMethod.php(93): Illuminate\\Container\\Util::unwrapIfClosure(Object(Closure))
#8 D:\\Aplikasi\\XAMPP\\htdocs\\Teknologi Web\\Tugas4\\vendor\\laravel\\framework\\src\\Illuminate\\Container\\BoundMethod.php(37): Illuminate\\Container\\BoundMethod::callBoundMethod(Object(Illuminate\\Foundation\\Application), Array, Object(Closure))
#9 D:\\Aplikasi\\XAMPP\\htdocs\\Teknologi Web\\Tugas4\\vendor\\laravel\\framework\\src\\Illuminate\\Container\\Container.php(611): Illuminate\\Container\\BoundMethod::call(Object(Illuminate\\Foundation\\Application), Array, Array, NULL)
#10 D:\\Aplikasi\\XAMPP\\htdocs\\Teknologi Web\\Tugas4\\vendor\\laravel\\framework\\src\\Illuminate\\Console\\Command.php(136): Illuminate\\Container\\Container->call(Array)
#11 D:\\Aplikasi\\XAMPP\\htdocs\\Teknologi Web\\Tugas4\\vendor\\symfony\\console\\Command\\Command.php(256): Illuminate\\Console\\Command->execute(Object(Symfony\\Component\\Console\\Input\\ArgvInput), Object(Illuminate\\Console\\OutputStyle))
#12 D:\\Aplikasi\\XAMPP\\htdocs\\Teknologi Web\\Tugas4\\vendor\\laravel\\framework\\src\\Illuminate\\Console\\Command.php(121): Symfony\\Component\\Console\\Command\\Command->run(Object(Symfony\\Component\\Console\\Input\\ArgvInput), Object(Illuminate\\Console\\OutputStyle))
#13 D:\\Aplikasi\\XAMPP\\htdocs\\Teknologi Web\\Tugas4\\vendor\\symfony\\console\\Application.php(971): Illuminate\\Console\\Command->run(Object(Symfony\\Component\\Console\\Input\\ArgvInput), Object(Symfony\\Component\\Console\\Output\\ConsoleOutput))
#14 D:\\Aplikasi\\XAMPP\\htdocs\\Teknologi Web\\Tugas4\\vendor\\symfony\\console\\Application.php(290): Symfony\\Component\\Console\\Application->doRunCommand(Object(Illuminate\\Foundation\\Console\\ServeCommand), Object(Symfony\\Component\\Console\\Input\\ArgvInput), Object(Symfony\\Component\\Console\\Output\\ConsoleOutput))
#15 D:\\Aplikasi\\XAMPP\\htdocs\\Teknologi Web\\Tugas4\\vendor\\symfony\\console\\Application.php(166): Symfony\\Component\\Console\\Application->doRun(Object(Symfony\\Component\\Console\\Input\\ArgvInput), Object(Symfony\\Component\\Console\\Output\\ConsoleOutput))
#16 D:\\Aplikasi\\XAMPP\\htdocs\\Teknologi Web\\Tugas4\\vendor\\laravel\\framework\\src\\Illuminate\\Console\\Application.php(92): Symfony\\Component\\Console\\Application->run(Object(Symfony\\Component\\Console\\Input\\ArgvInput), Object(Symfony\\Component\\Console\\Output\\ConsoleOutput))
#17 D:\\Aplikasi\\XAMPP\\htdocs\\Teknologi Web\\Tugas4\\vendor\\laravel\\framework\\src\\Illuminate\\Foundation\\Console\\Kernel.php(129): Illuminate\\Console\\Application->run(Object(Symfony\\Component\\Console\\Input\\ArgvInput), Object(Symfony\\Component\\Console\\Output\\ConsoleOutput))
#18 D:\\Aplikasi\\XAMPP\\htdocs\\Teknologi Web\\Tugas4\\artisan(37): Illuminate\\Foundation\\Console\\Kernel->handle(Object(Symfony\\Component\\Console\\Input\\ArgvInput), Object(Symfony\\Component\\Console\\Output\\ConsoleOutput))
#19 {main}
"} 
[2021-03-21 16:45:08] local.ERROR: fclose(): Argument #1 ($stream) must be of type resource, bool given {"exception":"[object] (TypeError(code: 0): fclose(): Argument #1 ($stream) must be of type resource, bool given at D:\\Aplikasi\\XAMPP\\htdocs\\Teknologi Web\\Tugas4\\vendor\\symfony\\process\\Pipes\\WindowsPipes.php:74)
[stacktrace]
#0 D:\\Aplikasi\\XAMPP\\htdocs\\Teknologi Web\\Tugas4\\vendor\\symfony\\process\\Pipes\\WindowsPipes.php(74): fclose(false)
#1 D:\\Aplikasi\\XAMPP\\htdocs\\Teknologi Web\\Tugas4\\vendor\\symfony\\process\\Process.php(1304): Symfony\\Component\\Process\\Pipes\\WindowsPipes->__construct(NULL, true)
#2 D:\\Aplikasi\\XAMPP\\htdocs\\Teknologi Web\\Tugas4\\vendor\\symfony\\process\\Process.php(302): Symfony\\Component\\Process\\Process->getDescriptors()
#3 D:\\Aplikasi\\XAMPP\\htdocs\\Teknologi Web\\Tugas4\\vendor\\laravel\\framework\\src\\Illuminate\\Foundation\\Console\\ServeCommand.php(109): Symfony\\Component\\Process\\Process->start(Object(Closure))
#4 D:\\Aplikasi\\XAMPP\\htdocs\\Teknologi Web\\Tugas4\\vendor\\laravel\\framework\\src\\Illuminate\\Foundation\\Console\\ServeCommand.php(57): Illuminate\\Foundation\\Console\\ServeCommand->startProcess()
#5 D:\\Aplikasi\\XAMPP\\htdocs\\Teknologi Web\\Tugas4\\vendor\\laravel\\framework\\src\\Illuminate\\Container\\BoundMethod.php(36): Illuminate\\Foundation\\Console\\ServeCommand->handle()
#6 D:\\Aplikasi\\XAMPP\\htdocs\\Teknologi Web\\Tugas4\\vendor\\laravel\\framework\\src\\Illuminate\\Container\\Util.php(40): Illuminate\\Container\\BoundMethod::Illuminate\\Container\\{closure}()
#7 D:\\Aplikasi\\XAMPP\\htdocs\\Teknologi Web\\Tugas4\\vendor\\laravel\\framework\\src\\Illuminate\\Container\\BoundMethod.php(93): Illuminate\\Container\\Util::unwrapIfClosure(Object(Closure))
#8 D:\\Aplikasi\\XAMPP\\htdocs\\Teknologi Web\\Tugas4\\vendor\\laravel\\framework\\src\\Illuminate\\Container\\BoundMethod.php(37): Illuminate\\Container\\BoundMethod::callBoundMethod(Object(Illuminate\\Foundation\\Application), Array, Object(Closure))
#9 D:\\Aplikasi\\XAMPP\\htdocs\\Teknologi Web\\Tugas4\\vendor\\laravel\\framework\\src\\Illuminate\\Container\\Container.php(611): Illuminate\\Container\\BoundMethod::call(Object(Illuminate\\Foundation\\Application), Array, Array, NULL)
#10 D:\\Aplikasi\\XAMPP\\htdocs\\Teknologi Web\\Tugas4\\vendor\\laravel\\framework\\src\\Illuminate\\Console\\Command.php(136): Illuminate\\Container\\Container->call(Array)
#11 D:\\Aplikasi\\XAMPP\\htdocs\\Teknologi Web\\Tugas4\\vendor\\symfony\\console\\Command\\Command.php(256): Illuminate\\Console\\Command->execute(Object(Symfony\\Component\\Console\\Input\\ArgvInput), Object(Illuminate\\Console\\OutputStyle))
#12 D:\\Aplikasi\\XAMPP\\htdocs\\Teknologi Web\\Tugas4\\vendor\\laravel\\framework\\src\\Illuminate\\Console\\Command.php(121): Symfony\\Component\\Console\\Command\\Command->run(Object(Symfony\\Component\\Console\\Input\\ArgvInput), Object(Illuminate\\Console\\OutputStyle))
#13 D:\\Aplikasi\\XAMPP\\htdocs\\Teknologi Web\\Tugas4\\vendor\\symfony\\console\\Application.php(971): Illuminate\\Console\\Command->run(Object(Symfony\\Component\\Console\\Input\\ArgvInput), Object(Symfony\\Component\\Console\\Output\\ConsoleOutput))
#14 D:\\Aplikasi\\XAMPP\\htdocs\\Teknologi Web\\Tugas4\\vendor\\symfony\\console\\Application.php(290): Symfony\\Component\\Console\\Application->doRunCommand(Object(Illuminate\\Foundation\\Console\\ServeCommand), Object(Symfony\\Component\\Console\\Input\\ArgvInput), Object(Symfony\\Component\\Console\\Output\\ConsoleOutput))
#15 D:\\Aplikasi\\XAMPP\\htdocs\\Teknologi Web\\Tugas4\\vendor\\symfony\\console\\Application.php(166): Symfony\\Component\\Console\\Application->doRun(Object(Symfony\\Component\\Console\\Input\\ArgvInput), Object(Symfony\\Component\\Console\\Output\\ConsoleOutput))
#16 D:\\Aplikasi\\XAMPP\\htdocs\\Teknologi Web\\Tugas4\\vendor\\laravel\\framework\\src\\Illuminate\\Console\\Application.php(92): Symfony\\Component\\Console\\Application->run(Object(Symfony\\Component\\Console\\Input\\ArgvInput), Object(Symfony\\Component\\Console\\Output\\ConsoleOutput))
#17 D:\\Aplikasi\\XAMPP\\htdocs\\Teknologi Web\\Tugas4\\vendor\\laravel\\framework\\src\\Illuminate\\Foundation\\Console\\Kernel.php(129): Illuminate\\Console\\Application->run(Object(Symfony\\Component\\Console\\Input\\ArgvInput), Object(Symfony\\Component\\Console\\Output\\ConsoleOutput))
#18 D:\\Aplikasi\\XAMPP\\htdocs\\Teknologi Web\\Tugas4\\artisan(37): Illuminate\\Foundation\\Console\\Kernel->handle(Object(Symfony\\Component\\Console\\Input\\ArgvInput), Object(Symfony\\Component\\Console\\Output\\ConsoleOutput))
#19 {main}
"} 
[2021-03-21 16:47:16] local.ERROR: fclose(): Argument #1 ($stream) must be of type resource, bool given {"exception":"[object] (TypeError(code: 0): fclose(): Argument #1 ($stream) must be of type resource, bool given at D:\\Aplikasi\\XAMPP\\htdocs\\Teknologi Web\\Tugas4\\vendor\\symfony\\process\\Pipes\\WindowsPipes.php:74)
[stacktrace]
#0 D:\\Aplikasi\\XAMPP\\htdocs\\Teknologi Web\\Tugas4\\vendor\\symfony\\process\\Pipes\\WindowsPipes.php(74): fclose(false)
#1 D:\\Aplikasi\\XAMPP\\htdocs\\Teknologi Web\\Tugas4\\vendor\\symfony\\process\\Process.php(1304): Symfony\\Component\\Process\\Pipes\\WindowsPipes->__construct(NULL, true)
#2 D:\\Aplikasi\\XAMPP\\htdocs\\Teknologi Web\\Tugas4\\vendor\\symfony\\process\\Process.php(302): Symfony\\Component\\Process\\Process->getDescriptors()
#3 D:\\Aplikasi\\XAMPP\\htdocs\\Teknologi Web\\Tugas4\\vendor\\laravel\\framework\\src\\Illuminate\\Foundation\\Console\\ServeCommand.php(109): Symfony\\Component\\Process\\Process->start(Object(Closure))
#4 D:\\Aplikasi\\XAMPP\\htdocs\\Teknologi Web\\Tugas4\\vendor\\laravel\\framework\\src\\Illuminate\\Foundation\\Console\\ServeCommand.php(57): Illuminate\\Foundation\\Console\\ServeCommand->startProcess()
#5 D:\\Aplikasi\\XAMPP\\htdocs\\Teknologi Web\\Tugas4\\vendor\\laravel\\framework\\src\\Illuminate\\Container\\BoundMethod.php(36): Illuminate\\Foundation\\Console\\ServeCommand->handle()
#6 D:\\Aplikasi\\XAMPP\\htdocs\\Teknologi Web\\Tugas4\\vendor\\laravel\\framework\\src\\Illuminate\\Container\\Util.php(40): Illuminate\\Container\\BoundMethod::Illuminate\\Container\\{closure}()
#7 D:\\Aplikasi\\XAMPP\\htdocs\\Teknologi Web\\Tugas4\\vendor\\laravel\\framework\\src\\Illuminate\\Container\\BoundMethod.php(93): Illuminate\\Container\\Util::unwrapIfClosure(Object(Closure))
#8 D:\\Aplikasi\\XAMPP\\htdocs\\Teknologi Web\\Tugas4\\vendor\\laravel\\framework\\src\\Illuminate\\Container\\BoundMethod.php(37): Illuminate\\Container\\BoundMethod::callBoundMethod(Object(Illuminate\\Foundation\\Application), Array, Object(Closure))
#9 D:\\Aplikasi\\XAMPP\\htdocs\\Teknologi Web\\Tugas4\\vendor\\laravel\\framework\\src\\Illuminate\\Container\\Container.php(611): Illuminate\\Container\\BoundMethod::call(Object(Illuminate\\Foundation\\Application), Array, Array, NULL)
#10 D:\\Aplikasi\\XAMPP\\htdocs\\Teknologi Web\\Tugas4\\vendor\\laravel\\framework\\src\\Illuminate\\Console\\Command.php(136): Illuminate\\Container\\Container->call(Array)
#11 D:\\Aplikasi\\XAMPP\\htdocs\\Teknologi Web\\Tugas4\\vendor\\symfony\\console\\Command\\Command.php(256): Illuminate\\Console\\Command->execute(Object(Symfony\\Component\\Console\\Input\\ArgvInput), Object(Illuminate\\Console\\OutputStyle))
#12 D:\\Aplikasi\\XAMPP\\htdocs\\Teknologi Web\\Tugas4\\vendor\\laravel\\framework\\src\\Illuminate\\Console\\Command.php(121): Symfony\\Component\\Console\\Command\\Command->run(Object(Symfony\\Component\\Console\\Input\\ArgvInput), Object(Illuminate\\Console\\OutputStyle))
#13 D:\\Aplikasi\\XAMPP\\htdocs\\Teknologi Web\\Tugas4\\vendor\\symfony\\console\\Application.php(971): Illuminate\\Console\\Command->run(Object(Symfony\\Component\\Console\\Input\\ArgvInput), Object(Symfony\\Component\\Console\\Output\\ConsoleOutput))
#14 D:\\Aplikasi\\XAMPP\\htdocs\\Teknologi Web\\Tugas4\\vendor\\symfony\\console\\Application.php(290): Symfony\\Component\\Console\\Application->doRunCommand(Object(Illuminate\\Foundation\\Console\\ServeCommand), Object(Symfony\\Component\\Console\\Input\\ArgvInput), Object(Symfony\\Component\\Console\\Output\\ConsoleOutput))
#15 D:\\Aplikasi\\XAMPP\\htdocs\\Teknologi Web\\Tugas4\\vendor\\symfony\\console\\Application.php(166): Symfony\\Component\\Console\\Application->doRun(Object(Symfony\\Component\\Console\\Input\\ArgvInput), Object(Symfony\\Component\\Console\\Output\\ConsoleOutput))
#16 D:\\Aplikasi\\XAMPP\\htdocs\\Teknologi Web\\Tugas4\\vendor\\laravel\\framework\\src\\Illuminate\\Console\\Application.php(92): Symfony\\Component\\Console\\Application->run(Object(Symfony\\Component\\Console\\Input\\ArgvInput), Object(Symfony\\Component\\Console\\Output\\ConsoleOutput))
#17 D:\\Aplikasi\\XAMPP\\htdocs\\Teknologi Web\\Tugas4\\vendor\\laravel\\framework\\src\\Illuminate\\Foundation\\Console\\Kernel.php(129): Illuminate\\Console\\Application->run(Object(Symfony\\Component\\Console\\Input\\ArgvInput), Object(Symfony\\Component\\Console\\Output\\ConsoleOutput))
#18 D:\\Aplikasi\\XAMPP\\htdocs\\Teknologi Web\\Tugas4\\artisan(37): Illuminate\\Foundation\\Console\\Kernel->handle(Object(Symfony\\Component\\Console\\Input\\ArgvInput), Object(Symfony\\Component\\Console\\Output\\ConsoleOutput))
#19 {main}
"} 
